{"C:\\Users\\lgonz\\Terminal\\robofriends-testing\\src\\components\\Card.js": {"path":"C:\\Users\\lgonz\\Terminal\\robofriends-testing\\src\\components\\Card.js","statementMap":{"0":{"start":{"line":3,"column":13},"end":{"line":13,"column":1}},"1":{"start":{"line":4,"column":1},"end":{"line":12,"column":3}}},"fnMap":{"0":{"name":"(anonymous_0)","decl":{"start":{"line":3,"column":13},"end":{"line":3,"column":14}},"loc":{"start":{"line":3,"column":38},"end":{"line":13,"column":1}},"line":3}},"branchMap":{},"s":{"0":2,"1":2},"f":{"0":2},"b":{},"_coverageSchema":"1a1c01bbd47fc00a2c39e90264f33305004495a9","hash":"31ac61a70d662cfa74256a39eb9e8197e976b365"}
,"C:\\Users\\lgonz\\Terminal\\robofriends-testing\\src\\components\\CardList.js": {"path":"C:\\Users\\lgonz\\Terminal\\robofriends-testing\\src\\components\\CardList.js","statementMap":{"0":{"start":{"line":4,"column":17},"end":{"line":19,"column":1}},"1":{"start":{"line":5,"column":1},"end":{"line":18,"column":3}},"2":{"start":{"line":8,"column":4},"end":{"line":15,"column":6}}},"fnMap":{"0":{"name":"(anonymous_0)","decl":{"start":{"line":4,"column":17},"end":{"line":4,"column":18}},"loc":{"start":{"line":4,"column":33},"end":{"line":19,"column":1}},"line":4},"1":{"name":"(anonymous_1)","decl":{"start":{"line":7,"column":15},"end":{"line":7,"column":16}},"loc":{"start":{"line":7,"column":28},"end":{"line":16,"column":4}},"line":7}},"branchMap":{},"s":{"0":1,"1":1,"2":1},"f":{"0":1,"1":1},"b":{},"_coverageSchema":"1a1c01bbd47fc00a2c39e90264f33305004495a9","hash":"a1464e0687c0216ff363859263473c3e3c7e8391"}
,"C:\\Users\\lgonz\\Terminal\\robofriends-testing\\src\\components\\CounterButton.js": {"path":"C:\\Users\\lgonz\\Terminal\\robofriends-testing\\src\\components\\CounterButton.js","statementMap":{"0":{"start":{"line":5,"column":2},"end":{"line":5,"column":15}},"1":{"start":{"line":6,"column":2},"end":{"line":8,"column":4}},"2":{"start":{"line":12,"column":2},"end":{"line":14,"column":3}},"3":{"start":{"line":13,"column":3},"end":{"line":13,"column":15}},"4":{"start":{"line":15,"column":2},"end":{"line":15,"column":15}},"5":{"start":{"line":19,"column":2},"end":{"line":26,"column":4}},"6":{"start":{"line":23,"column":19},"end":{"line":23,"column":73}},"7":{"start":{"line":23,"column":45},"end":{"line":23,"column":71}}},"fnMap":{"0":{"name":"(anonymous_0)","decl":{"start":{"line":4,"column":1},"end":{"line":4,"column":2}},"loc":{"start":{"line":4,"column":20},"end":{"line":9,"column":2}},"line":4},"1":{"name":"(anonymous_1)","decl":{"start":{"line":11,"column":1},"end":{"line":11,"column":2}},"loc":{"start":{"line":11,"column":45},"end":{"line":16,"column":2}},"line":11},"2":{"name":"(anonymous_2)","decl":{"start":{"line":18,"column":1},"end":{"line":18,"column":2}},"loc":{"start":{"line":18,"column":10},"end":{"line":27,"column":2}},"line":18},"3":{"name":"(anonymous_3)","decl":{"start":{"line":23,"column":13},"end":{"line":23,"column":14}},"loc":{"start":{"line":23,"column":19},"end":{"line":23,"column":73}},"line":23},"4":{"name":"(anonymous_4)","decl":{"start":{"line":23,"column":33},"end":{"line":23,"column":34}},"loc":{"start":{"line":23,"column":45},"end":{"line":23,"column":71}},"line":23}},"branchMap":{"0":{"loc":{"start":{"line":12,"column":2},"end":{"line":14,"column":3}},"type":"if","locations":[{"start":{"line":12,"column":2},"end":{"line":14,"column":3}},{"start":{},"end":{}}],"line":12}},"s":{"0":2,"1":2,"2":3,"3":3,"4":0,"5":5,"6":3,"7":3},"f":{"0":2,"1":3,"2":5,"3":3,"4":3},"b":{"0":[3,0]},"_coverageSchema":"1a1c01bbd47fc00a2c39e90264f33305004495a9","hash":"816f8f50ef8be9b77bacfa9ddd8b9b5a7b172dd6"}
,"C:\\Users\\lgonz\\Terminal\\robofriends-testing\\src\\components\\MainPage.js": {"path":"C:\\Users\\lgonz\\Terminal\\robofriends-testing\\src\\components\\MainPage.js","statementMap":{"0":{"start":{"line":11,"column":4},"end":{"line":11,"column":33}},"1":{"start":{"line":14,"column":17},"end":{"line":19,"column":3}},"2":{"start":{"line":15,"column":36},"end":{"line":15,"column":46}},"3":{"start":{"line":16,"column":4},"end":{"line":18,"column":6}},"4":{"start":{"line":17,"column":6},"end":{"line":17,"column":74}},"5":{"start":{"line":22,"column":42},"end":{"line":22,"column":52}},"6":{"start":{"line":24,"column":4},"end":{"line":36,"column":6}}},"fnMap":{"0":{"name":"(anonymous_0)","decl":{"start":{"line":10,"column":2},"end":{"line":10,"column":3}},"loc":{"start":{"line":10,"column":22},"end":{"line":12,"column":3}},"line":10},"1":{"name":"(anonymous_1)","decl":{"start":{"line":14,"column":17},"end":{"line":14,"column":18}},"loc":{"start":{"line":14,"column":23},"end":{"line":19,"column":3}},"line":14},"2":{"name":"(anonymous_2)","decl":{"start":{"line":16,"column":25},"end":{"line":16,"column":26}},"loc":{"start":{"line":16,"column":34},"end":{"line":18,"column":5}},"line":16},"3":{"name":"(anonymous_3)","decl":{"start":{"line":21,"column":2},"end":{"line":21,"column":3}},"loc":{"start":{"line":21,"column":11},"end":{"line":37,"column":3}},"line":21}},"branchMap":{"0":{"loc":{"start":{"line":29,"column":12},"end":{"line":32,"column":27}},"type":"cond-expr","locations":[{"start":{"line":29,"column":24},"end":{"line":29,"column":40}},{"start":{"line":30,"column":12},"end":{"line":32,"column":27}}],"line":29}},"s":{"0":0,"1":0,"2":0,"3":0,"4":0,"5":0,"6":0},"f":{"0":0,"1":0,"2":0,"3":0},"b":{"0":[0,0]}}
}
